<?xml version="1.0" encoding="UTF-8"?>
<testng-results ignored="0" total="1" passed="1" failed="0" skipped="0">
  <reporter-output>
  </reporter-output>
  <suite started-at="2023-08-29T14:06:15 IST" name="Lambda Test Suite" finished-at="2023-08-29T14:06:21 IST" duration-ms="6033">
    <groups>
    </groups>
    <test started-at="2023-08-29T14:06:15 IST" name="Lambda Test01" finished-at="2023-08-29T14:06:21 IST" duration-ms="6033">
      <class name="LambdaTest03.MyLambdaTest03">
        <test-method is-config="true" signature="setUp()[pri:0, instance:LambdaTest03.MyLambdaTest03@776aec5c]" started-at="2023-08-29T14:06:16 IST" name="setUp" finished-at="2023-08-29T14:06:21 IST" duration-ms="4886" status="PASS">
          <reporter-output>
          </reporter-output>
        </test-method> <!-- setUp -->
        <test-method signature="testSimple()[pri:0, instance:LambdaTest03.MyLambdaTest03@776aec5c]" started-at="2023-08-29T14:06:21 IST" name="testSimple" finished-at="2023-08-29T14:06:21 IST" duration-ms="29" status="PASS">
          <reporter-output>
          </reporter-output>
        </test-method> <!-- testSimple -->
        <test-method is-config="true" signature="tearDown()[pri:0, instance:LambdaTest03.MyLambdaTest03@776aec5c]" started-at="2023-08-29T14:06:21 IST" name="tearDown" finished-at="2023-08-29T14:06:21 IST" duration-ms="0" status="PASS">
          <reporter-output>
          </reporter-output>
        </test-method> <!-- tearDown -->
      </class> <!-- LambdaTest03.MyLambdaTest03 -->
    </test> <!-- Lambda Test01 -->
  </suite> <!-- Lambda Test Suite -->
</testng-results>
