<?xml version="1.0" encoding="UTF-8"?>
<!-- Generated by org.testng.reporters.JUnitXMLReporter -->
<testsuite ignored="0" hostname="DESKTOP-TQID2SQ" failures="0" tests="2" name="Test On Chrome" time="0.163" errors="0" timestamp="2023-08-28T05:31:59 IST">
  <testcase classname="ProjectOne.CrossBowser_Testing" name="@BeforeMethod setup" time="-1.693180918969E9">
    <failure type="org.testng.TestNGException" message="
Can inject only one of &amp;lt;ITestContext, XmlTest, Method, Object[], ITestResult&amp;gt; into a @BeforeMethod annotated setup.
For more information on native dependency injection please refer to https://testng.org/doc/documentation-main.html#native-dependency-injection">
      <![CDATA[org.testng.TestNGException: 
Can inject only one of <ITestContext, XmlTest, Method, Object[], ITestResult> into a @BeforeMethod annotated setup.
For more information on native dependency injection please refer to https://testng.org/doc/documentation-main.html#native-dependency-injection
at java.base/java.util.ArrayList.forEach(ArrayList.java:1511)
... Removed 28 stack frames]]>
    </failure>
  </testcase> <!-- @BeforeMethod setup -->
  <testcase classname="ProjectOne.CrossBowser_Testing" name="@BeforeMethod setup" time="0.0">
    <skipped/>
  </testcase> <!-- @BeforeMethod setup -->
  <testcase classname="ProjectOne.CrossBowser_Testing" name="testDropDowns" time="0.0">
    <skipped/>
  </testcase> <!-- testDropDowns -->
  <testcase classname="ProjectOne.CrossBowser_Testing" name="testDropDowns2" time="0.0">
    <skipped/>
  </testcase> <!-- testDropDowns2 -->
</testsuite> <!-- Test On Chrome -->
